<?xml version="1.0" encoding="UTF-8"?>
<!-- Generated by org.testng.reporters.JUnitXMLReporter -->
<testsuite hostname="DELL-PC" ignored="0" name="TestNgMavenTest" tests="4" failures="0" timestamp="20 Jan 2019 16:57:25 GMT" time="19.392" errors="0">
  <testcase name="numberValidation" time="16.066" classname="requestGet.GetRequestData"/>
  <testcase name="testJSONP_Feature" time="0.627" classname="requestGet.GetRequestData"/>
  <testcase name="test_CountryEndpoint_Feature" time="1.491" classname="requestGet.GetRequestData"/>
  <testcase name="test_Local_Num_Feature" time="1.059" classname="requestGet.GetRequestData"/>
</testsuite> <!-- TestNgMavenTest -->
